<?xml version="1.0" encoding="UTF-8"?>
<!-- Generated by org.testng.reporters.JUnitReportReporter -->
<testsuite hostname="REC-Dell-39" failures="0" tests="1" name="com.testCases.TC001_Verify_Registration_Page" time="1.851" errors="0" timestamp="2025-02-24T22:41:03 IST" skipped="0">
  <testcase classname="com.testCases.TC001_Verify_Registration_Page" name="verifyRegistration" time="1.851"/>
</testsuite> <!-- com.testCases.TC001_Verify_Registration_Page -->
