<?xml version="1.0" encoding="UTF-8"?>
<!-- Generated by org.testng.reporters.JUnitReportReporter -->
<testsuite hostname="REC-Dell-39" failures="0" tests="3" name="com.testCases.TC001_Verify_Registration_Page" time="7.656" errors="0" timestamp="2025-02-25T22:41:18 IST" skipped="0">
  <testcase classname="com.testCases.TC001_Verify_Registration_Page" name="verifyRegistration" time="2.616"/>
  <testcase classname="com.testCases.TC001_Verify_Registration_Page" name="verifyRegistration" time="2.185"/>
  <testcase classname="com.testCases.TC001_Verify_Registration_Page" name="verifyRegistration" time="2.855"/>
</testsuite> <!-- com.testCases.TC001_Verify_Registration_Page -->
